<?xml version="1.0" encoding="UTF-8"?>
<testsuite name="TestSuite" time="35.99" tests="2" errors="0" skipped="0" failures="1">
  <properties>
[...]
</properties>
  <testcase name="Verify" classname="API.AMP.AMP_Validation" time="17.962"/>
  <testcase name="endScript" classname="API.AMP.AMP_Validation" time="18.028">
    <failure message="org/automationtesting/excelreport/Xl" type="java.lang.NoClassDefFoundError">java.lang.NoClassDefFoundError: org/automationtesting/excelreport/Xl
	at java.net.URLClassLoader.findClass(URLClassLoader.java:382)
	at java.lang.ClassLoader.loadClass(ClassLoader.java:424)
	at sun.misc.Launcher$AppClassLoader.loadClass(Launcher.java:349)
	at java.lang.ClassLoader.loadClass(ClassLoader.java:357)
	at API.AMP.AMP_Validation.endScript(AMP_Validation.java:171)
</failure>
  </testcase>
</testsuite>