<?xml version="1.0" encoding="UTF-8"?>
<testng-results skipped="0" failed="0" ignored="0" total="1" passed="1">
  <reporter-output>
  </reporter-output>
  <suite name="Suite" duration-ms="17971" started-at="2019-02-28T07:10:05Z" finished-at="2019-02-28T07:10:23Z">
    <groups>
    </groups>
    <test name="TestOne" duration-ms="17971" started-at="2019-02-28T07:10:05Z" finished-at="2019-02-28T07:10:23Z">
      <class name="API.AMP.AMP_Validation">
        <test-method status="PASS" signature="startTesting()[pri:0, instance:API.AMP.AMP_Validation@4c203ea1]" name="startTesting" is-config="true" duration-ms="720" started-at="2019-02-28T12:40:04Z" finished-at="2019-02-28T12:40:05Z">
          <reporter-output>
          </reporter-output>
        </test-method> <!-- startTesting -->
        <test-method status="PASS" signature="Verify()[pri:0, instance:API.AMP.AMP_Validation@4c203ea1]" name="Verify" duration-ms="17962" started-at="2019-02-28T12:40:05Z" finished-at="2019-02-28T12:40:23Z">
          <reporter-output>
          </reporter-output>
        </test-method> <!-- Verify -->
        <test-method status="FAIL" signature="endScript()[pri:0, instance:API.AMP.AMP_Validation@4c203ea1]" name="endScript" is-config="true" duration-ms="0" started-at="2019-02-28T12:40:23Z" finished-at="2019-02-28T12:40:23Z">
          <exception class="java.lang.NoClassDefFoundError">
            <message>
              <![CDATA[org/automationtesting/excelreport/Xl]]>
            </message>
            <full-stacktrace>
              <![CDATA[java.lang.NoClassDefFoundError: org/automationtesting/excelreport/Xl
	at API.AMP.AMP_Validation.endScript(AMP_Validation.java:171)
	at sun.reflect.NativeMethodAccessorImpl.invoke0(Native Method)
	at sun.reflect.NativeMethodAccessorImpl.invoke(NativeMethodAccessorImpl.java:62)
	at sun.reflect.DelegatingMethodAccessorImpl.invoke(DelegatingMethodAccessorImpl.java:43)
	at java.lang.reflect.Method.invoke(Method.java:498)
	at org.testng.internal.MethodInvocationHelper.invokeMethod(MethodInvocationHelper.java:104)
	at org.testng.internal.Invoker.invokeConfigurationMethod(Invoker.java:515)
	at org.testng.internal.Invoker.invokeConfigurations(Invoker.java:217)
	at org.testng.internal.Invoker.invokeConfigurations(Invoker.java:144)
	at org.testng.SuiteRunner.privateRun(SuiteRunner.java:357)
	at org.testng.SuiteRunner.run(SuiteRunner.java:289)
	at org.testng.SuiteRunnerWorker.runSuite(SuiteRunnerWorker.java:52)
	at org.testng.SuiteRunnerWorker.run(SuiteRunnerWorker.java:86)
	at org.testng.TestNG.runSuitesSequentially(TestNG.java:1293)
	at org.testng.TestNG.runSuitesLocally(TestNG.java:1218)
	at org.testng.TestNG.runSuites(TestNG.java:1133)
	at org.testng.TestNG.run(TestNG.java:1104)
	at org.apache.maven.surefire.testng.TestNGExecutor.run(TestNGExecutor.java:295)
	at org.apache.maven.surefire.testng.TestNGXmlTestSuite.execute(TestNGXmlTestSuite.java:84)
	at org.apache.maven.surefire.testng.TestNGProvider.invoke(TestNGProvider.java:90)
	at org.apache.maven.surefire.booter.ForkedBooter.invokeProviderInSameClassLoader(ForkedBooter.java:203)
	at org.apache.maven.surefire.booter.ForkedBooter.runSuitesInProcess(ForkedBooter.java:155)
	at org.apache.maven.surefire.booter.ForkedBooter.main(ForkedBooter.java:103)
Caused by: java.lang.ClassNotFoundException: org.automationtesting.excelreport.Xl
	at java.net.URLClassLoader.findClass(URLClassLoader.java:382)
	at java.lang.ClassLoader.loadClass(ClassLoader.java:424)
	at sun.misc.Launcher$AppClassLoader.loadClass(Launcher.java:349)
	at java.lang.ClassLoader.loadClass(ClassLoader.java:357)
	... 23 more
]]>
            </full-stacktrace>
          </exception> <!-- java.lang.NoClassDefFoundError -->
          <reporter-output>
          </reporter-output>
        </test-method> <!-- endScript -->
      </class> <!-- API.AMP.AMP_Validation -->
    </test> <!-- TestOne -->
  </suite> <!-- Suite -->
</testng-results>
