<?xml version="1.0" encoding="UTF-8"?>
<!-- Generated by org.testng.reporters.JUnitXMLReporter -->
<testsuite hostname="ahtisham-HP-15-Notebook-PC" ignored="0" name="TestOne" tests="1" failures="1" timestamp="07 Mar 2019 10:04:40 GMT" time="59.493" errors="0">
  <testcase name="Verify" time="59.476" classname="API.AMP.AMP_Validation">
    <failure type="java.lang.NullPointerException">
      <![CDATA[java.lang.NullPointerException
	at API.AMP.Xlfile_Reader.setCellData(Xlfile_Reader.java:48)
	at API.AMP.AMP_Validation.Verify(AMP_Validation.java:107)
... Removed 25 stack frames]]>
    </failure>
  </testcase> <!-- Verify -->
</testsuite> <!-- TestOne -->
