<?xml version="1.0" encoding="UTF-8"?>
<testng-results skipped="0" failed="1" ignored="0" total="1" passed="0">
  <reporter-output>
  </reporter-output>
  <suite name="Default suite" duration-ms="54044" started-at="2019-03-07T10:57:44Z" finished-at="2019-03-07T10:58:38Z">
    <groups>
    </groups>
    <test name="Default test" duration-ms="54044" started-at="2019-03-07T10:57:44Z" finished-at="2019-03-07T10:58:38Z">
      <class name="API.AMP.AMP_Validation">
        <test-method status="PASS" signature="startTesting()[pri:0, instance:API.AMP.AMP_Validation@4883b407]" name="startTesting" is-config="true" duration-ms="419" started-at="2019-03-07T16:27:44Z" finished-at="2019-03-07T16:27:44Z">
          <reporter-output>
          </reporter-output>
        </test-method> <!-- startTesting -->
        <test-method status="FAIL" signature="Verify()[pri:0, instance:API.AMP.AMP_Validation@4883b407]" name="Verify" duration-ms="54011" started-at="2019-03-07T16:27:44Z" finished-at="2019-03-07T16:28:38Z">
          <exception class="java.lang.NullPointerException">
            <full-stacktrace>
              <![CDATA[java.lang.NullPointerException
	at API.AMP.Xlfile_Reader.setCellData(Xlfile_Reader.java:48)
	at API.AMP.AMP_Validation.Verify(AMP_Validation.java:107)
	at sun.reflect.NativeMethodAccessorImpl.invoke0(Native Method)
	at sun.reflect.NativeMethodAccessorImpl.invoke(NativeMethodAccessorImpl.java:62)
	at sun.reflect.DelegatingMethodAccessorImpl.invoke(DelegatingMethodAccessorImpl.java:43)
	at java.lang.reflect.Method.invoke(Method.java:498)
	at org.testng.internal.MethodInvocationHelper.invokeMethod(MethodInvocationHelper.java:108)
	at org.testng.internal.Invoker.invokeMethod(Invoker.java:661)
	at org.testng.internal.Invoker.invokeTestMethod(Invoker.java:869)
	at org.testng.internal.Invoker.invokeTestMethods(Invoker.java:1193)
	at org.testng.internal.TestMethodWorker.invokeTestMethods(TestMethodWorker.java:126)
	at org.testng.internal.TestMethodWorker.run(TestMethodWorker.java:109)
	at org.testng.TestRunner.privateRun(TestRunner.java:744)
	at org.testng.TestRunner.run(TestRunner.java:602)
	at org.testng.SuiteRunner.runTest(SuiteRunner.java:380)
	at org.testng.SuiteRunner.runSequentially(SuiteRunner.java:375)
	at org.testng.SuiteRunner.privateRun(SuiteRunner.java:340)
	at org.testng.SuiteRunner.run(SuiteRunner.java:289)
	at org.testng.SuiteRunnerWorker.runSuite(SuiteRunnerWorker.java:52)
	at org.testng.SuiteRunnerWorker.run(SuiteRunnerWorker.java:86)
	at org.testng.TestNG.runSuitesSequentially(TestNG.java:1301)
	at org.testng.TestNG.runSuitesLocally(TestNG.java:1226)
	at org.testng.TestNG.runSuites(TestNG.java:1144)
	at org.testng.TestNG.run(TestNG.java:1115)
	at org.testng.remote.AbstractRemoteTestNG.run(AbstractRemoteTestNG.java:132)
	at org.testng.remote.RemoteTestNG.initAndRun(RemoteTestNG.java:230)
	at org.testng.remote.RemoteTestNG.main(RemoteTestNG.java:76)
]]>
            </full-stacktrace>
          </exception> <!-- java.lang.NullPointerException -->
          <reporter-output>
          </reporter-output>
        </test-method> <!-- Verify -->
        <test-method status="PASS" signature="endScript()[pri:0, instance:API.AMP.AMP_Validation@4883b407]" name="endScript" is-config="true" duration-ms="7957" started-at="2019-03-07T16:28:38Z" finished-at="2019-03-07T16:28:46Z">
          <reporter-output>
          </reporter-output>
        </test-method> <!-- endScript -->
      </class> <!-- API.AMP.AMP_Validation -->
    </test> <!-- Default test -->
  </suite> <!-- Default suite -->
</testng-results>
